ЯΣΛLMS¹⁵⁸-ᴿᶠ
Hawkeye
♡Raydia♡
Gωαιhιr
ROSΣ★᧢
Dream
ʋɨքɛʀ
Macon
Gaea_Baftiaan
Fałdo
Mal/Smee
RAGNAR
Rosie
MadamV / Seska
RAINEE
Śpεϲτʀεᴷᴼᴬ
λxıɵмᵂᴬᴱ
myshella
Hammy
Jesus420
sedatsenar
Gaveedra-Seven
Killerb
Charis
Santa_Io
Benjamin
Vaillis
Mr. T
Yolo_Swaggins
Рαрγ•Βΐzεκ
Dur
Kha£eesi
βʋllyᶠᵘᶜᵏʸᵒᵘ
NineB-----Leos Klein
Rinamas
Sweet Elfy
Xena
berne dicte
*mini* James
Nick/Dornsy
Spademike
PɧıƖƖცıƖƖყ
TC Stargazer
bbcakess
Thea
ddkflair
DΣΛΤΗ
M¥$t!c@L
Hispano
Pнaвяїc8¹⁵⁸-ᴿᶠ
Bruce
Foamfollower
Luaka
Medic :)
乃яuｲ乇™
☆Ροιιληδο☆
Scottie_Dog
RĘM
DorkVader LEV
三₁₀₀
jd & spidy
ΒellαAlorα F4C
GЯΞYSКUŁŁᴷᴼᴬ
ΙωιӀӀღυѕѕУσυUρ
Շєг๓เภยร ¹⁴⁴ᴳᴿ/²³⁵ᴺᴸ
badjon
bot
Thor
MΛӾĪMƱS
Carbuncle™
thewildfire
fυzııᵗᶠʰ
gammy/syren
fireblade
☁☀Trεε☁☀
Ziduo
Lu*Christy
Alix
Dagny
кнαℓєѕѕιᴿӨᴹΣ
WarriorMaiden
ssshrek
Kalindria
SΔβLΩᴷᴼᴬ
Can
God / Cαмσяαᴺᴸ
Fog Of Confusion™
ミC★彡KARADA¥ł
Pimmie
TickerTodd
єℓιѕαᶰˡ
Kяıƨтıαпᴺᴾ
ξηgιish
Sól
Idrial
Liara
Krazy Mongol
Thot1獣ミニネネ
Yucel (RainMan)
Koko_B
°¿°
Fredi
✿ŠṏḶṏ✿/♥Angelina♥
☆Spartan☆
Thrainson
LE☆Enny☆En
Foney
₩0£FM¥§ŤŘ€§BÅB§
Storm²²¹
Cookie
Deadpool
Brad™
Wodan_!!ᴹᶠᴱᴿ,!, Alex
Wody@105
furkan19o3
Manveru
Wench
Stabby1
Tom Foolery
SySnootles
CASTAᴸᴼˢᵀ ᴴᵁᴹᴬᴺᴵᵀʸ
Darth
OGeezy
Bagginz
╰_╯ⓗⓐⓡⓓⓒⓞ®ⓔ╰﹏╯
Mirkwoods
$EX¥Bλ$ŦλŘÐ$₦Ø₩
Rene(啊布)
IvarTheBoneless
ᵂᴬᴱReaperᴴᴬᵛᴼᶜ
RokTheHive
❦ᎮᏂᏗᏒᎷᏗᏦᎧᏁ❧[ᶻᴰᵀ][ˢᴴ]
Laurian
•Vзяÿα•™
Namekiel/I♡Fappy2
I♡Fαρρy•sυgαя•cнασs
ZΣΣΣ  ᴷᴼᴬ
ηαρ™
Woody
•аэяiş•
Elvens
*Mini*ᎫᎪᏣᏦᵀᴴᴱᴿᴵᴾᴾᴱᴿ
HonorAndGlory FS
seaphoenix
Beowulf
MasterElf/ƵᴇʀᴏCᴏᴏʟ
DragonQueen
((-;Buuf;-))
Dry
Baris (ΔCΣ)
Agent•Barton
☆ⱴλɭ☆
Minxy
Phoenixia
cam
Fappyˢᵉⁿᵈᴺᵘᵈᵉˢ/Sun
Tribal Skye
Outis
Kāɴaʻi
Crimson-fist
Moshe
Shrink
Littleconster
Mab
Kalan(FF4EVA)Tiri
WηιτεЯιδεя
Dave
Lorien89 - Karl
Minas/John
